Determining if the pthread_create exist failed with the following output:
Change Dir: /home/luis/Documents/myMono/Monocular-Visual-Odometry/build/CMakeFiles/CMakeTmp

Run Build Command:"/usr/bin/make" "cmTC_ea2ac/fast"
/usr/bin/make -f CMakeFiles/cmTC_ea2ac.dir/build.make CMakeFiles/cmTC_ea2ac.dir/build
make[1]: Entering directory '/home/luis/Documents/myMono/Monocular-Visual-Odometry/build/CMakeFiles/CMakeTmp'
Building C object CMakeFiles/cmTC_ea2ac.dir/CheckSymbolExists.c.o
/usr/bin/cc   -fPIC    -o CMakeFiles/cmTC_ea2ac.dir/CheckSymbolExists.c.o   -c /home/luis/Documents/myMono/Monocular-Visual-Odometry/build/CMakeFiles/CMakeTmp/CheckSymbolExists.c
Linking C executable cmTC_ea2ac
/usr/bin/cmake -E cmake_link_script CMakeFiles/cmTC_ea2ac.dir/link.txt --verbose=1
/usr/bin/cc -fPIC     -rdynamic CMakeFiles/cmTC_ea2ac.dir/CheckSymbolExists.c.o  -o cmTC_ea2ac 
CMakeFiles/cmTC_ea2ac.dir/CheckSymbolExists.c.o: In function `main':
CheckSymbolExists.c:(.text+0x1b): undefined reference to `pthread_create'
collect2: error: ld returned 1 exit status
CMakeFiles/cmTC_ea2ac.dir/build.make:97: recipe for target 'cmTC_ea2ac' failed
make[1]: *** [cmTC_ea2ac] Error 1
make[1]: Leaving directory '/home/luis/Documents/myMono/Monocular-Visual-Odometry/build/CMakeFiles/CMakeTmp'
Makefile:126: recipe for target 'cmTC_ea2ac/fast' failed
make: *** [cmTC_ea2ac/fast] Error 2

File /home/luis/Documents/myMono/Monocular-Visual-Odometry/build/CMakeFiles/CMakeTmp/CheckSymbolExists.c:
/* */
#include <pthread.h>

int main(int argc, char** argv)
{
  (void)argv;
#ifndef pthread_create
  return ((int*)(&pthread_create))[argc];
#else
  (void)argc;
  return 0;
#endif
}

Determining if the function pthread_create exists in the pthreads failed with the following output:
Change Dir: /home/luis/Documents/myMono/Monocular-Visual-Odometry/build/CMakeFiles/CMakeTmp

Run Build Command:"/usr/bin/make" "cmTC_3ecaf/fast"
/usr/bin/make -f CMakeFiles/cmTC_3ecaf.dir/build.make CMakeFiles/cmTC_3ecaf.dir/build
make[1]: Entering directory '/home/luis/Documents/myMono/Monocular-Visual-Odometry/build/CMakeFiles/CMakeTmp'
Building C object CMakeFiles/cmTC_3ecaf.dir/CheckFunctionExists.c.o
/usr/bin/cc   -fPIC -DCHECK_FUNCTION_EXISTS=pthread_create   -o CMakeFiles/cmTC_3ecaf.dir/CheckFunctionExists.c.o   -c /usr/share/cmake-3.10/Modules/CheckFunctionExists.c
Linking C executable cmTC_3ecaf
/usr/bin/cmake -E cmake_link_script CMakeFiles/cmTC_3ecaf.dir/link.txt --verbose=1
/usr/bin/cc -fPIC -DCHECK_FUNCTION_EXISTS=pthread_create    -rdynamic CMakeFiles/cmTC_3ecaf.dir/CheckFunctionExists.c.o  -o cmTC_3ecaf -lpthreads 
/usr/bin/ld: cannot find -lpthreads
collect2: error: ld returned 1 exit status
CMakeFiles/cmTC_3ecaf.dir/build.make:97: recipe for target 'cmTC_3ecaf' failed
make[1]: *** [cmTC_3ecaf] Error 1
make[1]: Leaving directory '/home/luis/Documents/myMono/Monocular-Visual-Odometry/build/CMakeFiles/CMakeTmp'
Makefile:126: recipe for target 'cmTC_3ecaf/fast' failed
make: *** [cmTC_3ecaf/fast] Error 2


